-- The C compiler identification is GNU 13.3.0
-- The CXX compiler identification is GNU 13.3.0
-- Detecting C compiler ABI info
-- Detecting C compiler ABI info - done
-- Check for working C compiler: /usr/bin/cc - skipped
-- Detecting C compile features
-- Detecting C compile features - done
-- Detecting CXX compiler ABI info
-- Detecting CXX compiler ABI info - done
-- Check for working CXX compiler: /usr/bin/c++ - skipped
-- Detecting CXX compile features
-- Detecting CXX compile features - done
-- Found ament_cmake: 2.5.4 (/opt/ros/jazzy/share/ament_cmake/cmake)
-- Found Python3: /usr/bin/python3 (found version "3.12.3") found components: Interpreter 
-- Found rclcpp: 28.1.9 (/opt/ros/jazzy/share/rclcpp/cmake)
-- Found rosidl_generator_c: 4.6.5 (/opt/ros/jazzy/share/rosidl_generator_c/cmake)
-- Found rosidl_generator_cpp: 4.6.5 (/opt/ros/jazzy/share/rosidl_generator_cpp/cmake)
-- Using all available rosidl_typesupport_c: rosidl_typesupport_fastrtps_c;rosidl_typesupport_introspection_c
-- Using all available rosidl_typesupport_cpp: rosidl_typesupport_fastrtps_cpp;rosidl_typesupport_introspection_cpp
-- Found rmw_implementation_cmake: 7.3.2 (/opt/ros/jazzy/share/rmw_implementation_cmake/cmake)
-- Found rmw_fastrtps_cpp: 8.4.2 (/opt/ros/jazzy/share/rmw_fastrtps_cpp/cmake)
-- Found OpenSSL: /usr/lib/aarch64-linux-gnu/libcrypto.so (found version "3.0.13")  
-- Found FastRTPS: /opt/ros/jazzy/include (Required is at least version "2.13") 
-- Using RMW implementation 'rmw_fastrtps_cpp' as default
-- Found rplidar_ros: 2.1.0 (/opt/ros/jazzy/share/rplidar_ros/cmake)
-- Found ros2_control: 4.29.0 (/opt/ros/jazzy/share/ros2_control/cmake)
-- Found hardware_interface: 4.29.0 (/opt/ros/jazzy/share/hardware_interface/cmake)
-- Found ament_lint_auto: 0.17.2 (/opt/ros/jazzy/share/ament_lint_auto/cmake)
-- Added test 'cppcheck' to perform static code analysis on C / C++ code
-- Configured cppcheck include dirs: /home/fyp3/Desktop/ros2_swarm_mapping/robot/ros2ws/src/my_robot_control/include
-- Configured cppcheck exclude dirs and/or files: 
-- Added test 'flake8' to check Python code syntax and style conventions
-- Configured 'flake8' exclude dirs and/or files: 
-- Added test 'lint_cmake' to check CMake code style
-- Added test 'pep257' to check Python code against some of the docstring style conventions in PEP 257
-- Added test 'uncrustify' to check C / C++ code style
-- Configured uncrustify additional arguments: 
-- Added test 'xmllint' to check XML markup files
-- Configuring done (2.6s)
-- Generating done (0.1s)
-- Build files have been written to: /home/fyp3/Desktop/ros2_swarm_mapping/robot/ros2ws/build/my_robot_control
gmake[2]: *** No rule to make target '/home/fyp3/pigpio-master/libpigpio.so', needed by 'libmy_robot_control.so'.  Stop.
gmake[2]: *** Waiting for unfinished jobs....
[ 33%] [32mBuilding CXX object CMakeFiles/my_robot_control.dir/src/motor_driver.cpp.o[0m
[ 66%] [32mBuilding CXX object CMakeFiles/my_robot_control.dir/src/diffbot_system.cpp.o[0m
In file included from [01m[K/home/fyp3/Desktop/ros2_swarm_mapping/robot/ros2ws/src/my_robot_control/src/motor_driver.cpp:2[m[K:
[01m[K/home/fyp3/Desktop/ros2_swarm_mapping/robot/ros2ws/src/my_robot_control/include/my_robot_control/motor_driver.hpp:4:10:[m[K [01;31m[Kfatal error: [m[Kpigpio.h: No such file or directory
    4 | #include [01;31m[K<pigpio.h>[m[K
      |          [01;31m[K^~~~~~~~~~[m[K
compilation terminated.
gmake[2]: *** [CMakeFiles/my_robot_control.dir/build.make:90: CMakeFiles/my_robot_control.dir/src/motor_driver.cpp.o] Error 1
In file included from [01m[K/home/fyp3/Desktop/ros2_swarm_mapping/robot/ros2ws/src/my_robot_control/include/my_robot_control/diffbot_system.hpp:33[m[K,
                 from [01m[K/home/fyp3/Desktop/ros2_swarm_mapping/robot/ros2ws/src/my_robot_control/src/diffbot_system.cpp:1[m[K:
[01m[K/home/fyp3/Desktop/ros2_swarm_mapping/robot/ros2ws/src/my_robot_control/include/my_robot_control/motor_driver.hpp:4:10:[m[K [01;31m[Kfatal error: [m[Kpigpio.h: No such file or directory
    4 | #include [01;31m[K<pigpio.h>[m[K
      |          [01;31m[K^~~~~~~~~~[m[K
compilation terminated.
gmake[2]: *** [CMakeFiles/my_robot_control.dir/build.make:76: CMakeFiles/my_robot_control.dir/src/diffbot_system.cpp.o] Error 1
gmake[1]: *** [CMakeFiles/Makefile2:137: CMakeFiles/my_robot_control.dir/all] Error 2
gmake: *** [Makefile:146: all] Error 2
